<?xml version="1.0" encoding="UTF-8" ?>
<testsuite tests="6" failures="0" name="AnimalTest" time="0.031" errors="0" skipped="0">
  <properties>
[...]
</properties>
  <testcase classname="AnimalTest" name="gerListFoodAndCheckExpectedAndActualDate[0]" time="0.027"/>
  <testcase classname="AnimalTest" name="returnException[0]" time="0"/>
  <testcase classname="AnimalTest" name="checkMethodGetFamilyReturnStringAndAssertEquals[0]" time="0"/>
  <testcase classname="AnimalTest" name="gerListFoodAndCheckExpectedAndActualDate[1]" time="0"/>
  <testcase classname="AnimalTest" name="returnException[1]" time="0.001"/>
  <testcase classname="AnimalTest" name="checkMethodGetFamilyReturnStringAndAssertEquals[1]" time="0.003"/>
</testsuite>